<?xml version="1.0" encoding="UTF-8"?>
<!-- Generated by org.testng.reporters.JUnitReportReporter -->
<testsuite hostname="Harmanjeet" failures="0" tests="1" name="Capstone.scrollpage" time="8.358" errors="0" timestamp="8 Jul 2021 12:26:47 GMT">
  <testcase classname="Capstone.scrollpage" name="scroll" time="8.358"/>
</testsuite>
