<?xml version="1.0" encoding="UTF-8"?>
<!-- Generated by org.testng.reporters.JUnitReportReporter -->
<testsuite hostname="Harmanjeet" failures="0" tests="5" name="Capstone.ScrollDown_Page" time="0.825" errors="0" timestamp="16 Jul 2021 21:11:23 GMT" skipped="0">
  <testcase classname="Capstone.ScrollDown_Page" name="scroll" time="0.085"/>
  <testcase classname="Capstone.ScrollDown_Page" name="All_Program" time="0.053"/>
  <testcase classname="Capstone.ScrollDown_Page" name="Program_categories" time="0.047"/>
  <testcase classname="Capstone.ScrollDown_Page" name="Program_categories_click" time="0.145"/>
  <testcase classname="Capstone.ScrollDown_Page" name="Program_categories_elements" time="0.495"/>
</testsuite> <!-- Capstone.ScrollDown_Page -->
