<?xml version="1.0" encoding="UTF-8"?>
<!-- Generated by org.testng.reporters.JUnitReportReporter -->
<testsuite hostname="Harmanjeet" failures="0" tests="6" name="Capstone.DropDown_HomePage_Page" time="3.827" errors="0" timestamp="22 Jun 2021 05:31:19 GMT">
  <testcase classname="Capstone.DropDown_HomePage_Page" name="VerifyFutureStudentDropDownMenu" time="0.646"/>
  <testcase classname="Capstone.DropDown_HomePage_Page" name="VerifyAboutUsDropDownMenu" time="0.627"/>
  <testcase classname="Capstone.DropDown_HomePage_Page" name="VerifyContactsDownMenu" time="0.513"/>
  <testcase classname="Capstone.DropDown_HomePage_Page" name="VerifyAllServicesDownMenu" time="1.044"/>
  <testcase classname="Capstone.DropDown_HomePage_Page" name="VerifyProgramsDownMenu" time="0.467"/>
  <testcase classname="Capstone.DropDown_HomePage_Page" name="VerifyAddmissionsDownMenu" time="0.530"/>
</testsuite>
