<?xml version="1.0" encoding="UTF-8"?>
<!-- Generated by org.testng.reporters.JUnitReportReporter -->
<testsuite hostname="Harmanjeet" failures="0" tests="11" name="Capstone.Login_Home_Page" time="72.832" errors="0" timestamp="17 Jun 2021 15:20:31 GMT">
  <testcase classname="Capstone.Login_Home_Page" name="VerifyMyLambtonTagHomePageName" time="0.128"/>
  <testcase classname="Capstone.Login_Home_Page" name="HomePageVerifyLogo" time="0.428"/>
  <testcase classname="Capstone.Login_Home_Page" name="HomePageVerifyTitle" time="0.022"/>
  <testcase classname="Capstone.Login_Home_Page" name="VerifyVisitTagHomePageName" time="0.148"/>
  <testcase classname="Capstone.Login_Home_Page" name="VerifySearchBarHomePagePresence" time="0.227"/>
  <testcase classname="Capstone.Login_Home_Page" name="Login" time="70.267"/>
  <testcase classname="Capstone.Login_Home_Page" name="HomePageDropDownsCount" time="0.088"/>
  <testcase classname="Capstone.Login_Home_Page" name="HomePageDropDownsName" time="0.992"/>
  <testcase classname="Capstone.Login_Home_Page" name="VerifyVisitTagHomePagePresence" time="0.310"/>
  <testcase classname="Capstone.Login_Home_Page" name="VerifyMyLambtonHomePagePresence" time="0.174"/>
  <testcase classname="Capstone.Login_Home_Page" name="VerifySearchButtonHomePagePresence" time="0.048"/>
</testsuite>
