<?xml version="1.0" encoding="UTF-8"?>
<!-- Generated by org.testng.reporters.JUnitReportReporter -->
<testsuite hostname="Harmanjeet" failures="0" tests="4" name="Capstone.ScrollDown_Page" time="0.383" errors="0" timestamp="11 Jul 2021 14:50:53 GMT">
  <testcase classname="Capstone.ScrollDown_Page" name="Program_categories" time="0.052"/>
  <testcase classname="Capstone.ScrollDown_Page" name="Program_categories_click" time="0.175"/>
  <testcase classname="Capstone.ScrollDown_Page" name="All_Program" time="0.061"/>
  <testcase classname="Capstone.ScrollDown_Page" name="scroll" time="0.095"/>
</testsuite>
