<?xml version="1.0" encoding="UTF-8"?>
<!-- Generated by org.testng.reporters.JUnitReportReporter -->
<testsuite hostname="Harmanjeet" failures="0" tests="12" name="Capstone.Login_Home_Page" time="11.752" errors="0" timestamp="16 Jul 2021 21:11:23 GMT" skipped="0">
  <testcase classname="Capstone.Login_Home_Page" name="Login" time="0.024"/>
  <testcase classname="Capstone.Login_Home_Page" name="Login1" time="10.599"/>
  <testcase classname="Capstone.Login_Home_Page" name="HomePageVerifyTitle" time="0.111"/>
  <testcase classname="Capstone.Login_Home_Page" name="HomePageVerifyLogo" time="0.299"/>
  <testcase classname="Capstone.Login_Home_Page" name="HomePageDropDownsCount" time="0.034"/>
  <testcase classname="Capstone.Login_Home_Page" name="HomePageDropDownsName" time="0.366"/>
  <testcase classname="Capstone.Login_Home_Page" name="VerifyVisitTagHomePagePresence" time="0.070"/>
  <testcase classname="Capstone.Login_Home_Page" name="VerifyVisitTagHomePageName" time="0.055"/>
  <testcase classname="Capstone.Login_Home_Page" name="VerifyMyLambtonHomePagePresence" time="0.059"/>
  <testcase classname="Capstone.Login_Home_Page" name="VerifyMyLambtonTagHomePageName" time="0.040"/>
  <testcase classname="Capstone.Login_Home_Page" name="VerifySearchBarHomePagePresence" time="0.045"/>
  <testcase classname="Capstone.Login_Home_Page" name="VerifySearchButtonHomePagePresence" time="0.050"/>
</testsuite> <!-- Capstone.Login_Home_Page -->
