<?xml version="1.0" encoding="UTF-8"?>
<!-- Generated by org.testng.reporters.JUnitReportReporter -->
<testsuite hostname="Harmanjeet" failures="0" tests="7" name="Capstone.ScrollDown_Page" time="3.015" errors="0" timestamp="01 Aug 2021 18:26:22 GMT" skipped="0">
  <testcase classname="Capstone.ScrollDown_Page" name="scroll" time="0.098"/>
  <testcase classname="Capstone.ScrollDown_Page" name="All_Program" time="0.057"/>
  <testcase classname="Capstone.ScrollDown_Page" name="Program_categories" time="0.050"/>
  <testcase classname="Capstone.ScrollDown_Page" name="Program_categories_click" time="0.175"/>
  <testcase classname="Capstone.ScrollDown_Page" name="Program_categories_elements" time="0.754"/>
  <testcase classname="Capstone.ScrollDown_Page" name="Area_Of_interest_elements" time="0.537"/>
  <testcase classname="Capstone.ScrollDown_Page" name="Type_in_search_Box" time="1.344"/>
</testsuite> <!-- Capstone.ScrollDown_Page -->
