<?xml version="1.0" encoding="UTF-8"?>
<!-- Generated by org.testng.reporters.JUnitReportReporter -->
<testsuite hostname="Harmanjeet" failures="0" tests="3" name="Capstone.Home_Page" time="6.073" errors="0" timestamp="27 May 2021 23:13:51 GMT">
  <testcase classname="Capstone.Home_Page" name="verifyURLHomePage" time="0.015"/>
  <testcase classname="Capstone.Home_Page" name="verifyLogoHomePage" time="0.226"/>
  <testcase classname="Capstone.Home_Page" name="verifyTitileHomePage" time="5.832"/>
</testsuite>
