<?xml version="1.0" encoding="UTF-8"?>
<!-- Generated by org.testng.reporters.JUnitReportReporter -->
<testsuite hostname="Harmanjeet" failures="0" tests="11" name="Capstone.Login_Home_Page" time="16.260" errors="0" timestamp="11 Jul 2021 14:50:53 GMT">
  <testcase classname="Capstone.Login_Home_Page" name="VerifyVisitTagHomePagePresence" time="0.064"/>
  <testcase classname="Capstone.Login_Home_Page" name="HomePageVerifyTitle" time="0.041"/>
  <testcase classname="Capstone.Login_Home_Page" name="Login" time="15.217"/>
  <testcase classname="Capstone.Login_Home_Page" name="VerifyMyLambtonTagHomePageName" time="0.039"/>
  <testcase classname="Capstone.Login_Home_Page" name="VerifySearchButtonHomePagePresence" time="0.050"/>
  <testcase classname="Capstone.Login_Home_Page" name="VerifyMyLambtonHomePagePresence" time="0.049"/>
  <testcase classname="Capstone.Login_Home_Page" name="HomePageDropDownsCount" time="0.034"/>
  <testcase classname="Capstone.Login_Home_Page" name="VerifySearchBarHomePagePresence" time="0.045"/>
  <testcase classname="Capstone.Login_Home_Page" name="VerifyVisitTagHomePageName" time="0.041"/>
  <testcase classname="Capstone.Login_Home_Page" name="HomePageVerifyLogo" time="0.422"/>
  <testcase classname="Capstone.Login_Home_Page" name="HomePageDropDownsName" time="0.258"/>
</testsuite>
