<?xml version="1.0" encoding="UTF-8"?>
<!-- Generated by org.testng.reporters.JUnitReportReporter -->
<testsuite hostname="Harmanjeet" failures="0" tests="6" name="Capstone.ScrollDown_Page" time="0.857" errors="0" timestamp="19 Jul 2021 02:33:09 GMT" skipped="0">
  <testcase classname="Capstone.ScrollDown_Page" name="scroll" time="0.100"/>
  <testcase classname="Capstone.ScrollDown_Page" name="All_Program" time="0.062"/>
  <testcase classname="Capstone.ScrollDown_Page" name="Program_categories" time="0.051"/>
  <testcase classname="Capstone.ScrollDown_Page" name="Program_categories_click" time="0.172"/>
  <testcase classname="Capstone.ScrollDown_Page" name="Program_categories_elements" time="0.470"/>
  <testcase classname="Capstone.ScrollDown_Page" name="Programelements" time="0.002"/>
</testsuite> <!-- Capstone.ScrollDown_Page -->
