<?xml version="1.0" encoding="UTF-8"?>
<!-- Generated by org.testng.reporters.JUnitReportReporter -->
<testsuite hostname="Harmanjeet" failures="0" tests="6" name="Capstone.DropDown_HomePage_Page" time="6.264" errors="0" timestamp="11 Jul 2021 14:50:53 GMT">
  <testcase classname="Capstone.DropDown_HomePage_Page" name="VerifyContactsDownMenu" time="0.687"/>
  <testcase classname="Capstone.DropDown_HomePage_Page" name="VerifyProgramsDownMenu" time="0.639"/>
  <testcase classname="Capstone.DropDown_HomePage_Page" name="VerifyAllServicesDownMenu" time="1.444"/>
  <testcase classname="Capstone.DropDown_HomePage_Page" name="VerifyFutureStudentDropDownMenu" time="1.687"/>
  <testcase classname="Capstone.DropDown_HomePage_Page" name="VerifyAddmissionsDownMenu" time="0.761"/>
  <testcase classname="Capstone.DropDown_HomePage_Page" name="VerifyAboutUsDropDownMenu" time="1.046"/>
</testsuite>
