<?xml version="1.0" encoding="UTF-8"?>
<!-- Generated by org.testng.reporters.JUnitReportReporter -->
<testsuite hostname="Harmanjeet" failures="0" tests="6" name="Capstone.DropDown_HomePage_Page" time="3.915" errors="0" timestamp="01 Aug 2021 18:26:22 GMT" skipped="0">
  <testcase classname="Capstone.DropDown_HomePage_Page" name="VerifyFutureStudentDropDownMenu" time="0.758"/>
  <testcase classname="Capstone.DropDown_HomePage_Page" name="VerifyAboutUsDropDownMenu" time="0.677"/>
  <testcase classname="Capstone.DropDown_HomePage_Page" name="VerifyProgramsDownMenu" time="0.459"/>
  <testcase classname="Capstone.DropDown_HomePage_Page" name="VerifyAllServicesDownMenu" time="1.064"/>
  <testcase classname="Capstone.DropDown_HomePage_Page" name="VerifyAddmissionsDownMenu" time="0.487"/>
  <testcase classname="Capstone.DropDown_HomePage_Page" name="VerifyContactsDownMenu" time="0.470"/>
</testsuite> <!-- Capstone.DropDown_HomePage_Page -->
