<?xml version="1.0" encoding="UTF-8"?>
<!-- Generated by org.testng.reporters.JUnitReportReporter -->
<testsuite hostname="Harmanjeet" failures="0" tests="11" name="Capstone.Login_Home_Page" time="9.318" errors="0" timestamp="22 Jun 2021 05:31:19 GMT">
  <testcase classname="Capstone.Login_Home_Page" name="HomePageVerifyTitle" time="0.046"/>
  <testcase classname="Capstone.Login_Home_Page" name="HomePageVerifyLogo" time="0.290"/>
  <testcase classname="Capstone.Login_Home_Page" name="HomePageDropDownsCount" time="0.040"/>
  <testcase classname="Capstone.Login_Home_Page" name="VerifyVisitTagHomePagePresence" time="0.189"/>
  <testcase classname="Capstone.Login_Home_Page" name="Login" time="8.234"/>
  <testcase classname="Capstone.Login_Home_Page" name="VerifySearchButtonHomePagePresence" time="0.062"/>
  <testcase classname="Capstone.Login_Home_Page" name="VerifyVisitTagHomePageName" time="0.046"/>
  <testcase classname="Capstone.Login_Home_Page" name="VerifySearchBarHomePagePresence" time="0.071"/>
  <testcase classname="Capstone.Login_Home_Page" name="HomePageDropDownsName" time="0.238"/>
  <testcase classname="Capstone.Login_Home_Page" name="VerifyMyLambtonHomePagePresence" time="0.053"/>
  <testcase classname="Capstone.Login_Home_Page" name="VerifyMyLambtonTagHomePageName" time="0.049"/>
</testsuite>
