<?xml version="1.0" encoding="UTF-8"?>
<!-- Generated by org.testng.reporters.JUnitReportReporter -->
<testsuite hostname="Harmanjeet" failures="0" tests="1" name="Capstone.aa" time="0.044" errors="0" timestamp="3 Jun 2021 22:45:28 GMT">
  <testcase classname="Capstone.aa" name="aa" time="0.044"/>
</testsuite>
