<?xml version="1.0" encoding="UTF-8"?>
<!-- Generated by org.testng.reporters.JUnitReportReporter -->
<testsuite hostname="Harmanjeet" failures="0" tests="11" name="Capstone.Login_Home_Page" time="8.233" errors="0" timestamp="01 Aug 2021 18:26:22 GMT" skipped="0">
  <testcase classname="Capstone.Login_Home_Page" name="Login1" time="7.057"/>
  <testcase classname="Capstone.Login_Home_Page" name="HomePageVerifyTitle" time="0.029"/>
  <testcase classname="Capstone.Login_Home_Page" name="HomePageVerifyLogo" time="0.580"/>
  <testcase classname="Capstone.Login_Home_Page" name="HomePageDropDownsCount" time="0.032"/>
  <testcase classname="Capstone.Login_Home_Page" name="HomePageDropDownsName" time="0.224"/>
  <testcase classname="Capstone.Login_Home_Page" name="VerifyVisitTagHomePagePresence" time="0.056"/>
  <testcase classname="Capstone.Login_Home_Page" name="VerifyVisitTagHomePageName" time="0.044"/>
  <testcase classname="Capstone.Login_Home_Page" name="VerifyMyLambtonHomePagePresence" time="0.078"/>
  <testcase classname="Capstone.Login_Home_Page" name="VerifyMyLambtonTagHomePageName" time="0.042"/>
  <testcase classname="Capstone.Login_Home_Page" name="VerifySearchBarHomePagePresence" time="0.049"/>
  <testcase classname="Capstone.Login_Home_Page" name="VerifySearchButtonHomePagePresence" time="0.042"/>
</testsuite> <!-- Capstone.Login_Home_Page -->
