<?xml version="1.0" encoding="UTF-8"?>
<!-- Generated by org.testng.reporters.JUnitReportReporter -->
<testsuite hostname="Harmanjeet" failures="0" tests="12" name="Capstone.Login_Home_Page" time="9.385" errors="0" timestamp="19 Jul 2021 02:33:09 GMT" skipped="0">
  <testcase classname="Capstone.Login_Home_Page" name="Login1" time="8.104"/>
  <testcase classname="Capstone.Login_Home_Page" name="Login" time="0.015"/>
  <testcase classname="Capstone.Login_Home_Page" name="HomePageVerifyTitle" time="0.020"/>
  <testcase classname="Capstone.Login_Home_Page" name="HomePageVerifyLogo" time="0.182"/>
  <testcase classname="Capstone.Login_Home_Page" name="HomePageDropDownsCount" time="0.069"/>
  <testcase classname="Capstone.Login_Home_Page" name="HomePageDropDownsName" time="0.329"/>
  <testcase classname="Capstone.Login_Home_Page" name="VerifyVisitTagHomePagePresence" time="0.361"/>
  <testcase classname="Capstone.Login_Home_Page" name="VerifyVisitTagHomePageName" time="0.079"/>
  <testcase classname="Capstone.Login_Home_Page" name="VerifyMyLambtonHomePagePresence" time="0.059"/>
  <testcase classname="Capstone.Login_Home_Page" name="VerifyMyLambtonTagHomePageName" time="0.045"/>
  <testcase classname="Capstone.Login_Home_Page" name="VerifySearchBarHomePagePresence" time="0.065"/>
  <testcase classname="Capstone.Login_Home_Page" name="VerifySearchButtonHomePagePresence" time="0.057"/>
</testsuite> <!-- Capstone.Login_Home_Page -->
